[2025-12-20 17:14:24] ERROR: Uncaught Exception: ErrorException {"message":"Undefined array key \"REQUEST_URI\"","file":"/home/wrnash1/development/nautilus/public/index.php","line":101,"trace":"#0 /home/wrnash1/development/nautilus/public/index.php(101): App\\Core\\ErrorHandler->handleError()\n#1 {main}","url":"N/A","method":"N/A","ip":"N/A","user_agent":"N/A","user_id":"guest"}
[2025-12-20 17:14:47] ERROR: Uncaught Exception: ErrorException {"message":"file_put_contents(/home/wrnash1/development/nautilus/storage/logs/debug_auth.log): Failed to open stream: Permission denied","file":"/home/wrnash1/development/nautilus/app/Core/Auth.php","line":16,"trace":"#0 [internal function]: App\\Core\\ErrorHandler->handleError()\n#1 /home/wrnash1/development/nautilus/app/Core/Auth.php(16): file_put_contents()\n#2 /home/wrnash1/development/nautilus/app/Controllers/Auth/LoginController.php(29): App\\Core\\Auth::attempt()\n#3 [internal function]: App\\Controllers\\Auth\\LoginController->login()\n#4 /home/wrnash1/development/nautilus/app/Core/Router.php(118): call_user_func_array()\n#5 /home/wrnash1/development/nautilus/app/Core/Router.php(66): App\\Core\\Router->executeHandler()\n#6 /home/wrnash1/development/nautilus/public/index.php(107): App\\Core\\Router->dispatch()\n#7 {main}","url":"/store/login","method":"POST","ip":"::1","user_agent":"Mozilla/5.0 (X11; Linux x86_64) AppleWebKit/537.36 (KHTML, like Gecko) Chrome/143.0.0.0 Safari/537.36","user_id":"guest"}
